#
# A fatal error has been detected by the Java Runtime Environment:
#
#  SIGSEGV (0xb) at pc=0xa75cd9dd, pid=6262, tid=1678768960
#
# JRE version: Java(TM) SE Runtime Environment (8.0_40-b25) (build 1.8.0_40-b25)
# Java VM: Java HotSpot(TM) Server VM (25.40-b25 mixed mode linux-x86 )
# Problematic frame:
# v  ~BufferBlob::jni_fast_GetLongField
#
# Failed to write core dump. Core dumps have been disabled. To enable core dumping, try "ulimit -c unlimited" before starting Java again
#
# If you would like to submit a bug report, please visit:
#   http://bugreport.java.com/bugreport/crash.jsp
# The crash happened outside the Java Virtual Machine in native code.
# See problematic frame for where to report the bug.
#

---------------  T H R E A D  ---------------

Current thread (0x6438e400):  JavaThread "AWT-XAWT" daemon [_thread_in_native, id=6281, stack(0x640af000,0x64100000)]

siginfo: si_signo: 11 (SIGSEGV), si_code: 1 (SEGV_MAPERR), si_addr: 0x00000000

Registers:
EAX=0x00000000, EBX=0x645c9620, ECX=0x00000034, EDX=0x00000000
ESP=0x640fed08, EBP=0x640fed48, ESI=0x00000042, EDI=0x00000000
EIP=0xa75cd9dd, EFLAGS=0x00010246, CR2=0x00000000

Top of Stack: (sp=0x640fed08)
0x640fed08:   6438e538 645b347d 6438e538 00000000
0x640fed18:   00000042 00000000 65585008 6438e538
0x640fed28:   640fed48 00000000 b716d7a4 00010002
0x640fed38:   92a4c088 6457a000 63871290 00000000
0x640fed48:   6386dd48 644a6e18 6386dd48 00000000
0x640fed58:   00000000 655850c0 00000000 640fed74
0x640fed68:   644a6db9 6457a000 6386e148 00a00003
0x640fed78:   0906d1b8 6449e2e8 6386dd48 9313a4a0 

Instructions: (pc=0xa75cd9dd)
0xa75cd9bd:   00 00 00 56 8b 0d 08 2a 19 b7 f6 c1 01 0f 85 30
0xa75cd9cd:   00 00 00 8b c1 83 e0 01 8b 54 04 0c 8b 74 24 10
0xa75cd9dd:   8b 12 c1 ee 02 8b 04 32 8b 54 32 04 be 08 2a 19
0xa75cd9ed:   b7 33 f2 33 f0 33 f2 33 f0 3b 0e 0f 85 02 00 00 

Register to memory mapping:

EAX=0x00000000 is an unknown value
EBX=0x645c9620: <offset 0x4c620> in /usr/local/jdk1.8.0_40/jre/lib/i386/libawt_xawt.so at 0x6457d000
ECX=0x00000034 is an unknown value
EDX=0x00000000 is an unknown value
ESP=0x640fed08 is pointing into the stack for thread: 0x6438e400
EBP=0x640fed48 is pointing into the stack for thread: 0x6438e400
ESI=0x00000042 is an unknown value
EDI=0x00000000 is an unknown value


Stack: [0x640af000,0x64100000],  sp=0x640fed08,  free space=319k
Native frames: (J=compiled Java code, j=interpreted, Vv=VM code, C=native code)
v  ~BufferBlob::jni_fast_GetLongField
C  [libX11.so.6+0x5de18]  _XimServerDestroy+0x68

Java frames: (J=compiled Java code, j=interpreted, Vv=VM code)
J 888  sun.awt.X11.XlibWrapper.XFilterEvent(JJ)Z (0 bytes) @ 0xa779adb6 [0xa779ad60+0x56]
j  sun.awt.X11.XToolkit.run(Z)V+300
j  sun.awt.X11.XToolkit.run()V+5
j  java.lang.Thread.run()V+11
v  ~StubRoutines::call_stub

---------------  P R O C E S S  ---------------

Java Threads: ( => current thread )
  0x63877000 JavaThread "TimerQueue" daemon [_thread_blocked, id=6287, stack(0x63d1f000,0x63d70000)]
  0xb6607800 JavaThread "DestroyJavaVM" [_thread_blocked, id=6266, stack(0xb670b000,0xb675c000)]
  0x643f1800 JavaThread "AWT-EventQueue-0" [_thread_blocked, id=6283, stack(0x63f0d000,0x63f5e000)]
  0x643f0800 JavaThread "AWT-Shutdown" [_thread_blocked, id=6282, stack(0x63f5e000,0x63faf000)]
=>0x6438e400 JavaThread "AWT-XAWT" daemon [_thread_in_native, id=6281, stack(0x640af000,0x64100000)]
  0x6437c800 JavaThread "Java2D Disposer" daemon [_thread_blocked, id=6280, stack(0x64247000,0x64298000)]
  0x64ea9800 JavaThread "Service Thread" daemon [_thread_blocked, id=6278, stack(0x64b2e000,0x64b7f000)]
  0x64ea6800 JavaThread "C1 CompilerThread2" daemon [_thread_blocked, id=6277, stack(0x646fe000,0x6477f000)]
  0x64ea5800 JavaThread "C2 CompilerThread1" daemon [_thread_blocked, id=6276, stack(0x6477f000,0x64800000)]
  0x64ea3800 JavaThread "C2 CompilerThread0" daemon [_thread_blocked, id=6275, stack(0x64b7f000,0x64c00000)]
  0x64ea2000 JavaThread "Signal Dispatcher" daemon [_thread_blocked, id=6274, stack(0x64d2e000,0x64d7f000)]
  0x64e86000 JavaThread "Finalizer" daemon [_thread_blocked, id=6273, stack(0x64f2d000,0x64f7e000)]
  0x64e84400 JavaThread "Reference Handler" daemon [_thread_blocked, id=6272, stack(0x67a2e000,0x67a7f000)]

Other Threads:
  0x64e81400 VMThread [stack: 0x64d7f000,0x64e00000] [id=6271]
  0x64eab400 WatcherThread [stack: 0x6467d000,0x646fe000] [id=6279]

VM state:not at safepoint (normal execution)

VM Mutex/Monitor currently owned by a thread: None

Heap:
 PSYoungGen      total 19200K, used 12101K [0x920c0000, 0x93600000, 0xa7000000)
  eden space 16640K, 58% used [0x920c0000,0x92a4f700,0x93100000)
  from space 2560K, 90% used [0x93100000,0x93342040,0x93380000)
  to   space 2560K, 0% used [0x93380000,0x93380000,0x93600000)
 ParOldGen       total 43776K, used 12K [0x68200000, 0x6acc0000, 0x920c0000)
  object space 43776K, 0% used [0x68200000,0x68203000,0x6acc0000)
 Metaspace       used 9023K, capacity 9200K, committed 9240K, reserved 9520K

Card table byte_map: [0x68008000,0x68200000] byte_map_base: 0x67cc7000

Marking Bits: (ParMarkBitMap*) 0xb71926e0
 Begin Bits: [0x65990000, 0x66948000)
 End Bits:   [0x66948000, 0x67900000)

Polling page: 0xb7796000

CodeCache: size=245760Kb used=2379Kb max_used=2383Kb free=243380Kb
 bounds [0xa7578000, 0xa77d0000, 0xb6578000]
 total_blobs=1199 nmethods=913 adapters=201
 compilation: enabled

Compilation events (10 events):
Event: 5233,177 Thread 0x64ea5800  909       4       java.lang.Long::valueOf (36 bytes)
Event: 5233,179 Thread 0x64ea5800 nmethod 909 0xa779b848 code [0xa779b960, 0xa779ba70]
Event: 7813,641 Thread 0x64ea6800  910       1       sun.awt.X11.XEvent::getPData (5 bytes)
Event: 7813,642 Thread 0x64ea6800 nmethod 910 0xa77cd948 code [0xa77cda40, 0xa77cdae0]
Event: 8305,436 Thread 0x64ea6800  911       3       java.util.ArrayList$Itr::next (66 bytes)
Event: 8305,437 Thread 0x64ea6800 nmethod 911 0xa77cd248 code [0xa77cd3a0, 0xa77cd704]
Event: 8305,437 Thread 0x64ea6800  912       3       java.util.ArrayList$Itr::checkForComodification (23 bytes)
Event: 8305,437 Thread 0x64ea6800 nmethod 912 0xa77ccec8 code [0xa77ccfe0, 0xa77cd14c]
Event: 8396,469 Thread 0x64ea6800  913       3       sun.awt.XSettings$Update::needBytes (65 bytes)
Event: 8396,469 Thread 0x64ea6800 nmethod 913 0xa77cbd88 code [0xa77cbfa0, 0xa77cc9a0]

GC Heap History (2 events):
Event: 4,348 GC heap before
{Heap before GC invocations=1 (full 0):
 PSYoungGen      total 19200K, used 16640K [0x920c0000, 0x93600000, 0xa7000000)
  eden space 16640K, 100% used [0x920c0000,0x93100000,0x93100000)
  from space 2560K, 0% used [0x93380000,0x93380000,0x93600000)
  to   space 2560K, 0% used [0x93100000,0x93100000,0x93380000)
 ParOldGen       total 43776K, used 0K [0x68200000, 0x6acc0000, 0x920c0000)
  object space 43776K, 0% used [0x68200000,0x68200000,0x6acc0000)
 Metaspace       used 8967K, capacity 9168K, committed 9240K, reserved 9520K
Event: 4,353 GC heap after
Heap after GC invocations=1 (full 0):
 PSYoungGen      total 19200K, used 2312K [0x920c0000, 0x93600000, 0xa7000000)
  eden space 16640K, 0% used [0x920c0000,0x920c0000,0x93100000)
  from space 2560K, 90% used [0x93100000,0x93342040,0x93380000)
  to   space 2560K, 0% used [0x93380000,0x93380000,0x93600000)
 ParOldGen       total 43776K, used 12K [0x68200000, 0x6acc0000, 0x920c0000)
  object space 43776K, 0% used [0x68200000,0x68203000,0x6acc0000)
 Metaspace       used 8967K, capacity 9168K, committed 9240K, reserved 9520K
}

Deoptimization events (10 events):
Event: 0,427 Thread 0x643f1800 Uncommon trap: reason=class_check action=maybe_recompile pc=0xa76ac980 method=java.util.HashMap.putVal(ILjava/lang/Object;Ljava/lang/Object;ZZ)Ljava/lang/Object; @ 253
Event: 0,427 Thread 0x643f1800 Uncommon trap: reason=class_check action=maybe_recompile pc=0xa76ac980 method=java.util.HashMap.putVal(ILjava/lang/Object;Ljava/lang/Object;ZZ)Ljava/lang/Object; @ 253
Event: 0,427 Thread 0x643f1800 Uncommon trap: reason=class_check action=maybe_recompile pc=0xa76ac980 method=java.util.HashMap.putVal(ILjava/lang/Object;Ljava/lang/Object;ZZ)Ljava/lang/Object; @ 253
Event: 0,428 Thread 0x643f1800 Uncommon trap: reason=class_check action=maybe_recompile pc=0xa76ac980 method=java.util.HashMap.putVal(ILjava/lang/Object;Ljava/lang/Object;ZZ)Ljava/lang/Object; @ 253
Event: 0,428 Thread 0x643f1800 Uncommon trap: reason=class_check action=maybe_recompile pc=0xa76afefc method=java.util.HashMap.putVal(ILjava/lang/Object;Ljava/lang/Object;ZZ)Ljava/lang/Object; @ 253
Event: 0,444 Thread 0x643f1800 Uncommon trap: reason=unstable_if action=reinterpret pc=0xa76c8048 method=java.util.HashMap.putVal(ILjava/lang/Object;Ljava/lang/Object;ZZ)Ljava/lang/Object; @ 109
Event: 2,247 Thread 0x643f1800 Uncommon trap: reason=class_check action=maybe_recompile pc=0xa7673794 method=java.lang.String.equals(Ljava/lang/Object;)Z @ 8
Event: 2,247 Thread 0x643f1800 Uncommon trap: reason=class_check action=maybe_recompile pc=0xa7673794 method=java.lang.String.equals(Ljava/lang/Object;)Z @ 8
Event: 2,247 Thread 0x643f1800 Uncommon trap: reason=class_check action=maybe_recompile pc=0xa7673794 method=java.lang.String.equals(Ljava/lang/Object;)Z @ 8
Event: 2,436 Thread 0x643f1800 Uncommon trap: reason=class_check action=maybe_recompile pc=0xa7673794 method=java.lang.String.equals(Ljava/lang/Object;)Z @ 8

Internal exceptions (10 events):
Event: 0,347 Thread 0xb6607800 Exception <a 'java/lang/ClassNotFoundException': ToolTip> (0x925125d8) thrown at [/RE-WORK/workspace/8-2-build-linux-i586/jdk8u40/2855/hotspot/src/share/vm/classfile/systemDictionary.cpp, line 210]
Event: 0,348 Thread 0xb6607800 Exception <a 'java/lang/ClassNotFoundException': Tree> (0x92513070) thrown at [/RE-WORK/workspace/8-2-build-linux-i586/jdk8u40/2855/hotspot/src/share/vm/classfile/systemDictionary.cpp, line 210]
Event: 0,348 Thread 0xb6607800 Exception <a 'java/lang/ClassNotFoundException': Tree> (0x925136c0) thrown at [/RE-WORK/workspace/8-2-build-linux-i586/jdk8u40/2855/hotspot/src/share/vm/classfile/systemDictionary.cpp, line 210]
Event: 0,348 Thread 0xb6607800 Exception <a 'java/lang/ClassNotFoundException': javax/swing/JTreeCell> (0x925139a8) thrown at [/RE-WORK/workspace/8-2-build-linux-i586/jdk8u40/2855/hotspot/src/share/vm/classfile/systemDictionary.cpp, line 210]
Event: 0,348 Thread 0xb6607800 Exception <a 'java/lang/ClassNotFoundException': TreeCell> (0x92513da0) thrown at [/RE-WORK/workspace/8-2-build-linux-i586/jdk8u40/2855/hotspot/src/share/vm/classfile/systemDictionary.cpp, line 210]
Event: 0,348 Thread 0xb6607800 Exception <a 'java/lang/ClassNotFoundException': RootPane> (0x925146c8) thrown at [/RE-WORK/workspace/8-2-build-linux-i586/jdk8u40/2855/hotspot/src/share/vm/classfile/systemDictionary.cpp, line 210]
Event: 0,391 Thread 0x643f1800 Implicit null exception at 0xa769c9bf to 0xa769ccf5
Event: 0,616 Thread 0x643f1800 Exception <a 'java/lang/UnsupportedOperationException': > (0x9278ecf8) thrown at [/RE-WORK/workspace/8-2-build-linux-i586/jdk8u40/2855/hotspot/src/share/vm/prims/jni.cpp, line 735]
Event: 4,358 Thread 0x643f1800 Exception <a 'java/lang/ArrayIndexOutOfBoundsException': 9> (0x929961c8) thrown at [/RE-WORK/workspace/8-2-build-linux-i586/jdk8u40/2855/hotspot/src/share/vm/interpreter/interpreterRuntime.cpp, line 366]
Event: 4,358 Thread 0x643f1800 Exception <a 'java/lang/ArrayIndexOutOfBoundsException'> (0x929961c8) thrown at [/RE-WORK/workspace/8-2-build-linux-i586/jdk8u40/2855/hotspot/src/share/vm/prims/jvm.cpp, line 1386]

Events (10 events):
Event: 4,358 loading class java/lang/InterruptedException done
Event: 4,359 loading class java/lang/Throwable$WrappedPrintStream
Event: 4,359 loading class java/lang/Throwable$PrintStreamOrWriter
Event: 4,359 loading class java/lang/Throwable$PrintStreamOrWriter done
Event: 4,359 loading class java/lang/Throwable$WrappedPrintStream done
Event: 64,345 Thread 0x64cb1c00 Thread exited: 0x64cb1c00
Event: 8396,469 loading class sun/awt/X11/XAWTXSettings$1
Event: 8396,480 loading class sun/awt/X11/XAWTXSettings$1 done
Event: 8396,718 loading class sun/awt/X11/XDestroyWindowEvent
Event: 8396,792 loading class sun/awt/X11/XDestroyWindowEvent done


Dynamic libraries:
08048000-08049000 r-xp 00000000 08:04 282462     /usr/local/jdk1.8.0_40/bin/java
08049000-0804a000 rw-p 00000000 08:04 282462     /usr/local/jdk1.8.0_40/bin/java
09069000-0909d000 rw-p 00000000 00:00 0          [heap]
63500000-6363a000 rw-p 00000000 00:00 0 
6363a000-63700000 ---p 00000000 00:00 0 
63700000-637c0000 rw-p 00000000 00:00 0 
637c0000-63800000 ---p 00000000 00:00 0 
63800000-63887000 rw-p 00000000 00:00 0 
63887000-63900000 ---p 00000000 00:00 0 
63900000-639f9000 rw-p 00000000 00:00 0 
639f9000-63a00000 ---p 00000000 00:00 0 
63a00000-63b00000 rw-p 00000000 00:00 0 
63b00000-63c00000 rw-p 00000000 00:00 0 
63c00000-63c29000 rw-p 00000000 00:00 0 
63c29000-63d00000 ---p 00000000 00:00 0 
63d1f000-63d22000 ---p 00000000 00:00 0 
63d22000-63d70000 rw-p 00000000 00:00 0          [stack:6287]
63d70000-63dd0000 r-xp 00000000 08:04 282213     /usr/local/jdk1.8.0_40/jre/lib/i386/libt2k.so
63dd0000-63dd4000 rw-p 00060000 08:04 282213     /usr/local/jdk1.8.0_40/jre/lib/i386/libt2k.so
63dd4000-63ed8000 rw-p 00000000 00:00 0 
63ed8000-63ee7000 r--s 00000000 08:04 409345     /var/cache/fontconfig/04aabc0a78ac019cf9454389977116d2-le32d4.cache-4
63f0d000-63f10000 ---p 00000000 00:00 0 
63f10000-63f5e000 rw-p 00000000 00:00 0          [stack:6283]
63f5e000-63f61000 ---p 00000000 00:00 0 
63f61000-640af000 rw-p 00000000 00:00 0          [stack:6282]
640af000-640b2000 ---p 00000000 00:00 0 
640b2000-64100000 rw-p 00000000 00:00 0          [stack:6281]
64100000-641fe000 rw-p 00000000 00:00 0 
641fe000-64200000 ---p 00000000 00:00 0 
64205000-6422b000 r-xp 00000000 08:04 282226     /usr/local/jdk1.8.0_40/jre/lib/i386/libdcpr.so
6422b000-6422e000 rw-p 00025000 08:04 282226     /usr/local/jdk1.8.0_40/jre/lib/i386/libdcpr.so
6422e000-64231000 ---p 00000000 00:00 0 
64231000-64247000 rw-p 00000000 00:00 0 
64247000-6424a000 ---p 00000000 00:00 0 
6424a000-64298000 rw-p 00000000 00:00 0          [stack:6280]
64298000-642f9000 r-xp 00000000 08:04 282201     /usr/local/jdk1.8.0_40/jre/lib/i386/libfontmanager.so
642f9000-642fc000 rw-p 00060000 08:04 282201     /usr/local/jdk1.8.0_40/jre/lib/i386/libfontmanager.so
642fc000-64300000 rw-p 00000000 00:00 0 
64300000-643fa000 rw-p 00000000 00:00 0 
643fa000-64400000 ---p 00000000 00:00 0 
64406000-6440e000 r--s 00000000 08:04 409364     /var/cache/fontconfig/945677eb7aeaf62f1d50efc3fb3ec7d8-le32d4.cache-4
6441c000-64423000 r--s 0003a000 08:04 1327852    /home/ardzix/.m2/repository/commons-codec/commons-codec/1.9/commons-codec-1.9.jar
64423000-64425000 r--s 0000e000 08:04 1327855    /home/ardzix/.m2/repository/commons-logging/commons-logging/1.2/commons-logging-1.2.jar
64425000-6442c000 r--s 00048000 08:04 1327854    /home/ardzix/.m2/repository/org/apache/httpcomponents/httpcore/4.4.1/httpcore-4.4.1.jar
6442c000-64439000 r--s 000a4000 08:04 1327853    /home/ardzix/.m2/repository/org/apache/httpcomponents/httpclient/4.4.1/httpclient-4.4.1.jar
64439000-64448000 r-xp 00000000 08:04 282184     /usr/local/jdk1.8.0_40/jre/lib/i386/libnio.so
64448000-64449000 rw-p 0000e000 08:04 282184     /usr/local/jdk1.8.0_40/jre/lib/i386/libnio.so
64449000-64579000 r-xp 00000000 08:04 394091     /usr/lib/i386-linux-gnu/libX11.so.6.3.0
64579000-6457a000 r--p 00130000 08:04 394091     /usr/lib/i386-linux-gnu/libX11.so.6.3.0
6457a000-6457c000 rw-p 00131000 08:04 394091     /usr/lib/i386-linux-gnu/libX11.so.6.3.0
6457c000-6457d000 rw-p 00000000 00:00 0 
6457d000-645c9000 r-xp 00000000 08:04 282168     /usr/local/jdk1.8.0_40/jre/lib/i386/libawt_xawt.so
645c9000-645cb000 rw-p 0004c000 08:04 282168     /usr/local/jdk1.8.0_40/jre/lib/i386/libawt_xawt.so
645cb000-645cc000 rw-p 00000000 00:00 0 
645cc000-64652000 r-xp 00000000 08:04 282209     /usr/local/jdk1.8.0_40/jre/lib/i386/libawt.so
64652000-64659000 rw-p 00086000 08:04 282209     /usr/local/jdk1.8.0_40/jre/lib/i386/libawt.so
64659000-6467d000 rw-p 00000000 00:00 0 
6467d000-6467e000 ---p 00000000 00:00 0 
6467e000-646fe000 rw-p 00000000 00:00 0          [stack:6279]
646fe000-64701000 ---p 00000000 00:00 0 
64701000-6477f000 rw-p 00000000 00:00 0          [stack:6277]
6477f000-64782000 ---p 00000000 00:00 0 
64782000-64800000 rw-p 00000000 00:00 0          [stack:6276]
64800000-64a00000 r--p 00000000 08:04 400471     /usr/lib/locale/locale-archive
64a00000-64a21000 rw-p 00000000 00:00 0 
64a21000-64b00000 ---p 00000000 00:00 0 
64b00000-64b01000 r--s 00005000 08:04 1327875    /home/ardzix/.m2/repository/com/googlecode/json-simple/json-simple/1.1.1/json-simple-1.1.1.jar
64b01000-64b02000 r--s 00000000 08:04 409370     /var/cache/fontconfig/c05880de57d1f5e948fdfacc138775d9-le32d4.cache-4
64b02000-64b06000 r--s 00000000 08:04 409350     /var/cache/fontconfig/2cd17615ca594fa2959ae173292e504c-le32d4.cache-4
64b06000-64b07000 r--s 00000000 08:04 409380     /var/cache/fontconfig/e7071f4a29fa870f4323321c154eba04-le32d4.cache-4
64b07000-64b08000 r--s 00000000 08:04 409347     /var/cache/fontconfig/0d8c3b2ac0904cb8a57a757ad11a4a08-le32d4.cache-4
64b08000-64b0d000 r--s 00000000 08:04 409367     /var/cache/fontconfig/a755afe4a08bf5b97852ceb7400b47bc-le32d4.cache-4
64b0d000-64b0e000 r--s 00000000 08:04 409349     /var/cache/fontconfig/1ac9eb803944fde146138c791f5cc56a-le32d4.cache-4
64b0e000-64b11000 r--s 00000000 08:04 409353     /var/cache/fontconfig/385c0604a188198f04d133e54aba7fe7-le32d4.cache-4
64b11000-64b15000 r--s 00000000 08:04 409363     /var/cache/fontconfig/8801497958630a81b71ace7c5f9b32a8-le32d4.cache-4
64b15000-64b1a000 r--s 00000000 08:04 409351     /var/cache/fontconfig/3047814df9a2f067bd2d96a2b9c36e5a-le32d4.cache-4
64b1a000-64b1e000 r--s 00000000 08:04 409368     /var/cache/fontconfig/b47c4e1ecd0709278f4910c18777a504-le32d4.cache-4
64b1e000-64b2e000 r--s 00000000 08:04 409374     /var/cache/fontconfig/d52a8644073d54c13679302ca1180695-le32d4.cache-4
64b2e000-64b31000 ---p 00000000 00:00 0 
64b31000-64b7f000 rw-p 00000000 00:00 0          [stack:6278]
64b7f000-64b82000 ---p 00000000 00:00 0 
64b82000-64c00000 rw-p 00000000 00:00 0          [stack:6275]
64c00000-64cfe000 rw-p 00000000 00:00 0 
64cfe000-64d00000 ---p 00000000 00:00 0 
64d00000-64d01000 r--s 00000000 08:04 409377     /var/cache/fontconfig/dc05db6664285cc2f12bf69c139ae4c3-le32d4.cache-4
64d01000-64d08000 r--s 00000000 08:04 409354     /var/cache/fontconfig/3f7329c5293ffd510edef78f73874cfd-le32d4.cache-4
64d08000-64d11000 r--s 00000000 08:04 419886     /var/cache/fontconfig/d589a48862398ed80a3d6066f4f56f4c-le32d4.cache-4
64d11000-64d2d000 r-xp 00000000 08:04 131861     /lib/i386-linux-gnu/libgcc_s.so.1
64d2d000-64d2e000 rw-p 0001b000 08:04 131861     /lib/i386-linux-gnu/libgcc_s.so.1
64d2e000-64d31000 ---p 00000000 00:00 0 
64d31000-64d7f000 rw-p 00000000 00:00 0          [stack:6274]
64d7f000-64d80000 ---p 00000000 00:00 0 
64d80000-64e00000 rw-p 00000000 00:00 0          [stack:6271]
64e00000-64f00000 rw-p 00000000 00:00 0 
64f00000-64f09000 r-xp 00000000 08:04 394102     /usr/lib/i386-linux-gnu/libXcursor.so.1.0.2
64f09000-64f0a000 r--p 00008000 08:04 394102     /usr/lib/i386-linux-gnu/libXcursor.so.1.0.2
64f0a000-64f0b000 rw-p 00009000 08:04 394102     /usr/lib/i386-linux-gnu/libXcursor.so.1.0.2
64f0b000-64f2b000 r-xp 00000000 08:04 395161     /usr/lib/i386-linux-gnu/libxcb.so.1.1.0
64f2b000-64f2c000 r--p 0001f000 08:04 395161     /usr/lib/i386-linux-gnu/libxcb.so.1.1.0
64f2c000-64f2d000 rw-p 00020000 08:04 395161     /usr/lib/i386-linux-gnu/libxcb.so.1.1.0
64f2d000-64f30000 ---p 00000000 00:00 0 
64f30000-64f7e000 rw-p 00000000 00:00 0          [stack:6273]
64f7e000-65156000 r--s 03d09000 08:04 282236     /usr/local/jdk1.8.0_40/jre/lib/rt.jar
65156000-6559c000 rw-p 00000000 00:00 0 
6559c000-655a2000 ---p 00000000 00:00 0 
655a2000-67900000 rw-p 00000000 00:00 0 
67900000-679f9000 rw-p 00000000 00:00 0 
679f9000-67a00000 ---p 00000000 00:00 0 
67a00000-67a02000 r--s 00000000 08:04 409361     /var/cache/fontconfig/767a8244fc0220cfb567a839d0392e0b-le32d4.cache-4
67a02000-67a03000 r--s 00000000 08:04 409355     /var/cache/fontconfig/4794a0821666d79190d59a36cb4f44b5-le32d4.cache-4
67a03000-67a08000 r-xp 00000000 08:04 394106     /usr/lib/i386-linux-gnu/libXdmcp.so.6.0.0
67a08000-67a09000 r--p 00004000 08:04 394106     /usr/lib/i386-linux-gnu/libXdmcp.so.6.0.0
67a09000-67a0a000 rw-p 00005000 08:04 394106     /usr/lib/i386-linux-gnu/libXdmcp.so.6.0.0
67a0a000-67a19000 r-xp 00000000 08:04 394116     /usr/lib/i386-linux-gnu/libXi.so.6.1.0
67a19000-67a1a000 r--p 0000e000 08:04 394116     /usr/lib/i386-linux-gnu/libXi.so.6.1.0
67a1a000-67a1b000 rw-p 0000f000 08:04 394116     /usr/lib/i386-linux-gnu/libXi.so.6.1.0
67a1b000-67a2c000 r-xp 00000000 08:04 394108     /usr/lib/i386-linux-gnu/libXext.so.6.4.0
67a2c000-67a2d000 r--p 00010000 08:04 394108     /usr/lib/i386-linux-gnu/libXext.so.6.4.0
67a2d000-67a2e000 rw-p 00011000 08:04 394108     /usr/lib/i386-linux-gnu/libXext.so.6.4.0
67a2e000-67a31000 ---p 00000000 00:00 0 
67a31000-67a7f000 rw-p 00000000 00:00 0          [stack:6272]
67a7f000-67a80000 ---p 00000000 00:00 0 
67a80000-67b00000 rw-p 00000000 00:00 0          [stack:6270]
67b00000-67bfa000 rw-p 00000000 00:00 0 
67bfa000-67c00000 ---p 00000000 00:00 0 
67c00000-67c21000 rw-p 00000000 00:00 0 
67c21000-67d00000 ---p 00000000 00:00 0 
67d00000-67d01000 r--s 00000000 08:04 409357     /var/cache/fontconfig/56cf4f4769d0f4abc89a4895d7bd3ae1-le32d4.cache-4
67d01000-67d03000 r--s 00000000 08:04 410009     /var/cache/fontconfig/e13b20fdb08344e0e664864cc2ede53d-le32d4.cache-4
67d03000-67d06000 r--s 00000000 08:04 410010     /var/cache/fontconfig/7ef2298fde41cc6eeb7af42e48b7d293-le32d4.cache-4
67d06000-67d0b000 r-xp 00000000 08:04 394136     /usr/lib/i386-linux-gnu/libXtst.so.6.1.0
67d0b000-67d0c000 r--p 00004000 08:04 394136     /usr/lib/i386-linux-gnu/libXtst.so.6.1.0
67d0c000-67d0d000 rw-p 00005000 08:04 394136     /usr/lib/i386-linux-gnu/libXtst.so.6.1.0
67d0d000-67d0e000 r--s 00000000 08:04 409369     /var/cache/fontconfig/b9d506c9ac06c20b433354fa67a72993-le32d4.cache-4
67d0e000-67d23000 r-xp 00000000 08:04 282208     /usr/local/jdk1.8.0_40/jre/lib/i386/libnet.so
67d23000-67d24000 rw-p 00014000 08:04 282208     /usr/local/jdk1.8.0_40/jre/lib/i386/libnet.so
67d24000-67d7f000 rw-p 00000000 00:00 0 
67d7f000-67d80000 ---p 00000000 00:00 0 
67d80000-67e00000 rw-p 00000000 00:00 0          [stack:6269]
67e00000-67e21000 rw-p 00000000 00:00 0 
67e21000-67f00000 ---p 00000000 00:00 0 
67f00000-67f04000 r-xp 00000000 08:04 394110     /usr/lib/i386-linux-gnu/libXfixes.so.3.1.0
67f04000-67f05000 r--p 00003000 08:04 394110     /usr/lib/i386-linux-gnu/libXfixes.so.3.1.0
67f05000-67f06000 rw-p 00004000 08:04 394110     /usr/lib/i386-linux-gnu/libXfixes.so.3.1.0
67f06000-67f07000 ---p 00000000 00:00 0 
67f07000-67f87000 rw-p 00000000 00:00 0          [stack:6268]
67f87000-67f88000 ---p 00000000 00:00 0 
67f88000-6801e000 rw-p 00000000 00:00 0          [stack:6267]
6801e000-68157000 ---p 00000000 00:00 0 
68157000-68162000 rw-p 00000000 00:00 0 
68162000-681ff000 ---p 00000000 00:00 0 
681ff000-6acc0000 rw-p 00000000 00:00 0 
6acc0000-920c0000 ---p 00000000 00:00 0 
920c0000-93600000 rw-p 00000000 00:00 0 
93600000-a7000000 ---p 00000000 00:00 0 
a7000000-a7001000 r--s 00000000 08:04 409346     /var/cache/fontconfig/0c9eb80ebd1c36541ebe2852d3bb0c49-le32d4.cache-4
a7001000-a707e000 rw-p 00000000 00:00 0 
a707e000-a71b8000 ---p 00000000 00:00 0 
a71b8000-a71c2000 rw-p 00000000 00:00 0 
a71c2000-a7578000 ---p 00000000 00:00 0 
a7578000-a77d0000 rwxp 00000000 00:00 0 
a77d0000-b6578000 ---p 00000000 00:00 0 
b6578000-b6591000 r-xp 00000000 08:04 282216     /usr/local/jdk1.8.0_40/jre/lib/i386/libzip.so
b6591000-b6592000 rw-p 00018000 08:04 282216     /usr/local/jdk1.8.0_40/jre/lib/i386/libzip.so
b6592000-b659d000 r-xp 00000000 08:04 135698     /lib/i386-linux-gnu/libnss_files-2.19.so
b659d000-b659e000 r--p 0000a000 08:04 135698     /lib/i386-linux-gnu/libnss_files-2.19.so
b659e000-b659f000 rw-p 0000b000 08:04 135698     /lib/i386-linux-gnu/libnss_files-2.19.so
b659f000-b65a9000 r-xp 00000000 08:04 135684     /lib/i386-linux-gnu/libnss_nis-2.19.so
b65a9000-b65aa000 r--p 00009000 08:04 135684     /lib/i386-linux-gnu/libnss_nis-2.19.so
b65aa000-b65ab000 rw-p 0000a000 08:04 135684     /lib/i386-linux-gnu/libnss_nis-2.19.so
b65ab000-b65c0000 r-xp 00000000 08:04 135685     /lib/i386-linux-gnu/libnsl-2.19.so
b65c0000-b65c1000 r--p 00015000 08:04 135685     /lib/i386-linux-gnu/libnsl-2.19.so
b65c1000-b65c2000 rw-p 00016000 08:04 135685     /lib/i386-linux-gnu/libnsl-2.19.so
b65c2000-b65c4000 rw-p 00000000 00:00 0 
b65c4000-b65c6000 r-xp 00000000 08:04 394095     /usr/lib/i386-linux-gnu/libXau.so.6.0.0
b65c6000-b65c7000 r--p 00001000 08:04 394095     /usr/lib/i386-linux-gnu/libXau.so.6.0.0
b65c7000-b65c8000 rw-p 00002000 08:04 394095     /usr/lib/i386-linux-gnu/libXau.so.6.0.0
b65c8000-b65d1000 r-xp 00000000 08:04 394130     /usr/lib/i386-linux-gnu/libXrender.so.1.3.0
b65d1000-b65d2000 r--p 00008000 08:04 394130     /usr/lib/i386-linux-gnu/libXrender.so.1.3.0
b65d2000-b65d3000 rw-p 00009000 08:04 394130     /usr/lib/i386-linux-gnu/libXrender.so.1.3.0
b65d3000-b65db000 rw-s 00000000 08:04 813396     /tmp/hsperfdata_ardzix/6262
b65db000-b65ff000 r-xp 00000000 08:04 282193     /usr/local/jdk1.8.0_40/jre/lib/i386/libjava.so
b65ff000-b6600000 rw-p 00023000 08:04 282193     /usr/local/jdk1.8.0_40/jre/lib/i386/libjava.so
b6600000-b66fb000 rw-p 00000000 00:00 0 
b66fb000-b6700000 ---p 00000000 00:00 0 
b6700000-b6701000 r--p 00855000 08:04 400471     /usr/lib/locale/locale-archive
b6701000-b6702000 r--p 00859000 08:04 400471     /usr/lib/locale/locale-archive
b6702000-b6709000 r-xp 00000000 08:04 135699     /lib/i386-linux-gnu/librt-2.19.so
b6709000-b670a000 r--p 00006000 08:04 135699     /lib/i386-linux-gnu/librt-2.19.so
b670a000-b670b000 rw-p 00007000 08:04 135699     /lib/i386-linux-gnu/librt-2.19.so
b670b000-b670e000 ---p 00000000 00:00 0 
b670e000-b675c000 rw-p 00000000 00:00 0          [stack:6266]
b675c000-b67a0000 r-xp 00000000 08:04 135689     /lib/i386-linux-gnu/libm-2.19.so
b67a0000-b67a1000 r--p 00043000 08:04 135689     /lib/i386-linux-gnu/libm-2.19.so
b67a1000-b67a2000 rw-p 00044000 08:04 135689     /lib/i386-linux-gnu/libm-2.19.so
b67a2000-b7115000 r-xp 00000000 08:04 282190     /usr/local/jdk1.8.0_40/jre/lib/i386/server/libjvm.so
b7115000-b7181000 rw-p 00973000 08:04 282190     /usr/local/jdk1.8.0_40/jre/lib/i386/server/libjvm.so
b7181000-b75a7000 rw-p 00000000 00:00 0 
b75a7000-b774f000 r-xp 00000000 08:04 135547     /lib/i386-linux-gnu/libc-2.19.so
b774f000-b7751000 r--p 001a8000 08:04 135547     /lib/i386-linux-gnu/libc-2.19.so
b7751000-b7752000 rw-p 001aa000 08:04 135547     /lib/i386-linux-gnu/libc-2.19.so
b7752000-b7755000 rw-p 00000000 00:00 0 
b7755000-b7758000 r-xp 00000000 08:04 135682     /lib/i386-linux-gnu/libdl-2.19.so
b7758000-b7759000 r--p 00002000 08:04 135682     /lib/i386-linux-gnu/libdl-2.19.so
b7759000-b775a000 rw-p 00003000 08:04 135682     /lib/i386-linux-gnu/libdl-2.19.so
b775a000-b776e000 r-xp 00000000 08:04 282594     /usr/local/jdk1.8.0_40/lib/i386/jli/libjli.so
b776e000-b776f000 rw-p 00014000 08:04 282594     /usr/local/jdk1.8.0_40/lib/i386/jli/libjli.so
b776f000-b7770000 rw-p 00000000 00:00 0 
b7770000-b7788000 r-xp 00000000 08:04 135694     /lib/i386-linux-gnu/libpthread-2.19.so
b7788000-b7789000 r--p 00018000 08:04 135694     /lib/i386-linux-gnu/libpthread-2.19.so
b7789000-b778a000 rw-p 00019000 08:04 135694     /lib/i386-linux-gnu/libpthread-2.19.so
b778a000-b778c000 rw-p 00000000 00:00 0 
b778c000-b7793000 r-xp 00000000 08:04 135690     /lib/i386-linux-gnu/libnss_compat-2.19.so
b7793000-b7794000 r--p 00006000 08:04 135690     /lib/i386-linux-gnu/libnss_compat-2.19.so
b7794000-b7795000 rw-p 00007000 08:04 135690     /lib/i386-linux-gnu/libnss_compat-2.19.so
b7795000-b7796000 rw-p 00000000 00:00 0 
b7796000-b7797000 r--p 00000000 00:00 0 
b7797000-b77a2000 r-xp 00000000 08:04 282176     /usr/local/jdk1.8.0_40/jre/lib/i386/libverify.so
b77a2000-b77a3000 rw-p 0000b000 08:04 282176     /usr/local/jdk1.8.0_40/jre/lib/i386/libverify.so
b77a3000-b77a5000 rw-p 00000000 00:00 0 
b77a5000-b77a6000 r-xp 00000000 00:00 0          [vdso]
b77a6000-b77a8000 r--p 00000000 00:00 0          [vvar]
b77a8000-b77c8000 r-xp 00000000 08:04 135683     /lib/i386-linux-gnu/ld-2.19.so
b77c8000-b77c9000 r--p 0001f000 08:04 135683     /lib/i386-linux-gnu/ld-2.19.so
b77c9000-b77ca000 rw-p 00020000 08:04 135683     /lib/i386-linux-gnu/ld-2.19.so
bfc8d000-bfc8e000 rwxp 00000000 00:00 0 
bfcc0000-bfce1000 rw-p 00000000 00:00 0          [stack]

VM Arguments:
java_command: com.ardz.bandwidthcontroller.OVSConfiguration
java_class_path (initial): /media/ardzix/C2C4CBFDC4CBF1A9/Project/SDN/BandwidthController/target/classes:/home/ardzix/.m2/repository/org/apache/httpcomponents/httpclient/4.4.1/httpclient-4.4.1.jar:/home/ardzix/.m2/repository/org/apache/httpcomponents/httpcore/4.4.1/httpcore-4.4.1.jar:/home/ardzix/.m2/repository/commons-logging/commons-logging/1.2/commons-logging-1.2.jar:/home/ardzix/.m2/repository/commons-codec/commons-codec/1.9/commons-codec-1.9.jar:/home/ardzix/.m2/repository/com/googlecode/json-simple/json-simple/1.1.1/json-simple-1.1.1.jar:/home/ardzix/.m2/repository/junit/junit/4.10/junit-4.10.jar:/home/ardzix/.m2/repository/org/hamcrest/hamcrest-core/1.1/hamcrest-core-1.1.jar:/home/ardzix/.m2/repository/org/springframework/spring-core/2.5.6/spring-core-2.5.6.jar
Launcher Type: SUN_STANDARD

Environment Variables:
JAVA_HOME=/usr/local/jdk1.8.0_40
PATH=/usr/local/sbin:/usr/local/bin:/usr/sbin:/usr/bin:/sbin:/bin:/usr/games:/usr/local/games
LD_LIBRARY_PATH=/usr/local/jdk1.8.0_40/jre/lib/amd64:/usr/local/jdk1.8.0_40/jre/lib/i386:
SHELL=/bin/bash
DISPLAY=:0.0

Signal Handlers:
SIGSEGV: [libjvm.so+0x8c2ab0], sa_mask[0]=11111111011111111101111111111110, sa_flags=SA_RESTART|SA_SIGINFO
SIGBUS: [libjvm.so+0x8c2ab0], sa_mask[0]=11111111011111111101111111111110, sa_flags=SA_RESTART|SA_SIGINFO
SIGFPE: [libjvm.so+0x7433e0], sa_mask[0]=11111111011111111101111111111110, sa_flags=SA_RESTART|SA_SIGINFO
SIGPIPE: [libjvm.so+0x7433e0], sa_mask[0]=11111111011111111101111111111110, sa_flags=SA_RESTART|SA_SIGINFO
SIGXFSZ: [libjvm.so+0x7433e0], sa_mask[0]=11111111011111111101111111111110, sa_flags=SA_RESTART|SA_SIGINFO
SIGILL: [libjvm.so+0x7433e0], sa_mask[0]=11111111011111111101111111111110, sa_flags=SA_RESTART|SA_SIGINFO
SIGUSR1: SIG_DFL, sa_mask[0]=00000000000000000000000000000000, sa_flags=none
SIGUSR2: [libjvm.so+0x744970], sa_mask[0]=00100000000000000000000000000000, sa_flags=SA_RESTART|SA_SIGINFO
SIGHUP: [libjvm.so+0x745e20], sa_mask[0]=11111111011111111101111111111110, sa_flags=SA_RESTART|SA_SIGINFO
SIGINT: SIG_IGN, sa_mask[0]=00000000000000000000000000000000, sa_flags=none
SIGTERM: [libjvm.so+0x745e20], sa_mask[0]=11111111011111111101111111111110, sa_flags=SA_RESTART|SA_SIGINFO
SIGQUIT: [libjvm.so+0x745e20], sa_mask[0]=11111111011111111101111111111110, sa_flags=SA_RESTART|SA_SIGINFO


---------------  S Y S T E M  ---------------

OS:DISTRIB_ID=Ubuntu
DISTRIB_RELEASE=14.04
DISTRIB_CODENAME=trusty
DISTRIB_DESCRIPTION="Ubuntu 14.04.2 LTS"

uname:Linux 3.16.0-31-generic #41~14.04.1-Ubuntu SMP Wed Feb 11 19:30:43 UTC 2015 i686
libc:glibc 2.19 NPTL 2.19 
rlimit: STACK 8192k, CORE 0k, NPROC 31981, NOFILE 4096, AS infinity
load average:0,49 0,90 0,81

/proc/meminfo:
MemTotal:        4113148 kB
MemFree:         1981304 kB
MemAvailable:    2622500 kB
Buffers:          213268 kB
Cached:           604544 kB
SwapCached:            0 kB
Active:          1573612 kB
Inactive:         370076 kB
Active(anon):    1146652 kB
Inactive(anon):     1212 kB
Active(file):     426960 kB
Inactive(file):   368864 kB
Unevictable:       31444 kB
Mlocked:           31444 kB
HighTotal:       3249432 kB
HighFree:        1664376 kB
LowTotal:         863716 kB
LowFree:          316928 kB
SwapTotal:             0 kB
SwapFree:              0 kB
Dirty:               480 kB
Writeback:             0 kB
AnonPages:       1064884 kB
Mapped:           151916 kB
Shmem:             16900 kB
Slab:             101748 kB
SReclaimable:      69096 kB
SUnreclaim:        32652 kB
KernelStack:        4960 kB
PageTables:        10184 kB
NFS_Unstable:          0 kB
Bounce:                0 kB
WritebackTmp:          0 kB
CommitLimit:     2056572 kB
Committed_AS:    4067600 kB
VmallocTotal:     122880 kB
VmallocUsed:       23184 kB
VmallocChunk:      64556 kB
AnonHugePages:    735232 kB
HugePages_Total:       0
HugePages_Free:        0
HugePages_Rsvd:        0
HugePages_Surp:        0
Hugepagesize:       2048 kB
DirectMap4k:       20472 kB
DirectMap2M:      888832 kB


CPU:total 4 (2 cores per cpu, 2 threads per core) family 6 model 42 stepping 7, cmov, cx8, fxsr, mmx, sse, sse2, sse3, ssse3, sse4.1, sse4.2, popcnt, avx, clmul, ht, tsc, tscinvbit

/proc/cpuinfo:
processor	: 0
vendor_id	: GenuineIntel
cpu family	: 6
model		: 42
model name	: Intel(R) Core(TM) i3-2120 CPU @ 3.30GHz
stepping	: 7
microcode	: 0x25
cpu MHz		: 3300.000
cache size	: 3072 KB
physical id	: 0
siblings	: 4
core id		: 0
cpu cores	: 2
apicid		: 0
initial apicid	: 0
fdiv_bug	: no
f00f_bug	: no
coma_bug	: no
fpu		: yes
fpu_exception	: yes
cpuid level	: 13
wp		: yes
flags		: fpu vme de pse tsc msr pae mce cx8 apic sep mtrr pge mca cmov pat pse36 clflush dts acpi mmx fxsr sse sse2 ss ht tm pbe nx rdtscp lm constant_tsc arch_perfmon pebs bts xtopology nonstop_tsc aperfmperf eagerfpu pni pclmulqdq dtes64 monitor ds_cpl vmx est tm2 ssse3 cx16 xtpr pdcm pcid sse4_1 sse4_2 popcnt tsc_deadline_timer xsave avx lahf_lm arat epb xsaveopt pln pts dtherm tpr_shadow vnmi flexpriority ept vpid
bogomips	: 6585.19
clflush size	: 64
cache_alignment	: 64
address sizes	: 36 bits physical, 48 bits virtual
power management:

processor	: 1
vendor_id	: GenuineIntel
cpu family	: 6
model		: 42
model name	: Intel(R) Core(TM) i3-2120 CPU @ 3.30GHz
stepping	: 7
microcode	: 0x25
cpu MHz		: 3300.000
cache size	: 3072 KB
physical id	: 0
siblings	: 4
core id		: 1
cpu cores	: 2
apicid		: 2
initial apicid	: 2
fdiv_bug	: no
f00f_bug	: no
coma_bug	: no
fpu		: yes
fpu_exception	: yes
cpuid level	: 13
wp		: yes
flags		: fpu vme de pse tsc msr pae mce cx8 apic sep mtrr pge mca cmov pat pse36 clflush dts acpi mmx fxsr sse sse2 ss ht tm pbe nx rdtscp lm constant_tsc arch_perfmon pebs bts xtopology nonstop_tsc aperfmperf eagerfpu pni pclmulqdq dtes64 monitor ds_cpl vmx est tm2 ssse3 cx16 xtpr pdcm pcid sse4_1 sse4_2 popcnt tsc_deadline_timer xsave avx lahf_lm arat epb xsaveopt pln pts dtherm tpr_shadow vnmi flexpriority ept vpid
bogomips	: 6585.19
clflush size	: 64
cache_alignment	: 64
address sizes	: 36 bits physical, 48 bits virtual
power management:

processor	: 2
vendor_id	: GenuineIntel
cpu family	: 6
model		: 42
model name	: Intel(R) Core(TM) i3-2120 CPU @ 3.30GHz
stepping	: 7
microcode	: 0x25
cpu MHz		: 3300.000
cache size	: 3072 KB
physical id	: 0
siblings	: 4
core id		: 0
cpu cores	: 2
apicid		: 1
initial apicid	: 1
fdiv_bug	: no
f00f_bug	: no
coma_bug	: no
fpu		: yes
fpu_exception	: yes
cpuid level	: 13
wp		: yes
flags		: fpu vme de pse tsc msr pae mce cx8 apic sep mtrr pge mca cmov pat pse36 clflush dts acpi mmx fxsr sse sse2 ss ht tm pbe nx rdtscp lm constant_tsc arch_perfmon pebs bts xtopology nonstop_tsc aperfmperf eagerfpu pni pclmulqdq dtes64 monitor ds_cpl vmx est tm2 ssse3 cx16 xtpr pdcm pcid sse4_1 sse4_2 popcnt tsc_deadline_timer xsave avx lahf_lm arat epb xsaveopt pln pts dtherm tpr_shadow vnmi flexpriority ept vpid
bogomips	: 6585.19
clflush size	: 64
cache_alignment	: 64
address sizes	: 36 bits physical, 48 bits virtual
power management:

processor	: 3
vendor_id	: GenuineIntel
cpu family	: 6
model		: 42
model name	: Intel(R) Core(TM) i3-2120 CPU @ 3.30GHz
stepping	: 7
microcode	: 0x25
cpu MHz		: 3300.000
cache size	: 3072 KB
physical id	: 0
siblings	: 4
core id		: 1
cpu cores	: 2
apicid		: 3
initial apicid	: 3
fdiv_bug	: no
f00f_bug	: no
coma_bug	: no
fpu		: yes
fpu_exception	: yes
cpuid level	: 13
wp		: yes
flags		: fpu vme de pse tsc msr pae mce cx8 apic sep mtrr pge mca cmov pat pse36 clflush dts acpi mmx fxsr sse sse2 ss ht tm pbe nx rdtscp lm constant_tsc arch_perfmon pebs bts xtopology nonstop_tsc aperfmperf eagerfpu pni pclmulqdq dtes64 monitor ds_cpl vmx est tm2 ssse3 cx16 xtpr pdcm pcid sse4_1 sse4_2 popcnt tsc_deadline_timer xsave avx lahf_lm arat epb xsaveopt pln pts dtherm tpr_shadow vnmi flexpriority ept vpid
bogomips	: 6585.19
clflush size	: 64
cache_alignment	: 64
address sizes	: 36 bits physical, 48 bits virtual
power management:



Memory: 4k page, physical 4113148k(2016960k free), swap 0k(0k free)

vm_info: Java HotSpot(TM) Server VM (25.40-b25) for linux-x86 JRE (1.8.0_40-b25), built on Feb 10 2015 22:05:45 by "java_re" with gcc 4.3.0 20080428 (Red Hat 4.3.0-8)

time: Wed Apr 22 11:46:38 2015
elapsed time: 8396 seconds (0d 2h 19m 56s)

